This is pdfTeX, Version 3.14159265-2.6-1.40.21 (TeX Live 2020/Debian) (preloaded format=pdflatex 2021.2.25)  16 JAN 2022 10:16
entering extended mode
 restricted \write18 enabled.
 %&-line parsing enabled.
**acmart.ins
(./acmart.ins
LaTeX2e <2020-02-02> patch level 5
L3 programming layer <2020-07-17>
(/usr/share/texlive/texmf-dist/tex/latex/base/docstrip.tex
\blockLevel=\count168
\emptyLines=\count169
\processedLines=\count170
\commentsRemoved=\count171
\commentsPassed=\count172
\codeLinesPassed=\count173
\TotalprocessedLines=\count174
\TotalcommentsRemoved=\count175
\TotalcommentsPassed=\count176
\TotalcodeLinesPassed=\count177
\NumberOfFiles=\count178
\inFile=\read2
\inputcheck=\read3
\off@0=\count179
\off@1=\count180
\off@2=\count181
\off@3=\count182
\off@4=\count183
\off@5=\count184
\off@6=\count185
\off@7=\count186
\off@8=\count187
\off@9=\count188
\off@10=\count189
\off@11=\count190
\off@12=\count191
\off@13=\count192
\off@14=\count193
\off@15=\count194
\@maxfiles=\count195
\@maxoutfiles=\count196

Utility: `docstrip' 2.5g <2018/05/03>
English documentation    <2018/05/03>

**********************************************************
* This program converts documented macro-files into fast *
* loadable files by stripping off (nearly) all comments! *
**********************************************************

********************************************************
* No Configuration file found, using default settings. *
********************************************************

(./acmart.ins

Generating file(s) ./acmart.cls 
\openout0 = `./acmart.cls'.


Processing file acmart.dtx (class) -> acmart.cls
% % % % % % % % % % % % % % % % % % % % % % % % % % % % % % % % % % % % % % %
% % % % % % % % % % % % % % % % % % % % % % % % % % % % % % % % % % % % % % %
% % % % % % % % % % % % % % % % % % % % % % % % % % % % % % % % % % % % % % %
% % % % % % % % % % % % % % % % % % % % % % % % % % % % % % % % % % % % % % %
% % % % % % % % % % % % % % % % % % % % % % % % % % % % % % % % % % % % % % %
% % % % % % % % % % % % % % % % % % % % % % % % % % % % % % % % % % % % % % %
% % % % % % % % % % % % % % % % % % % % % % % % % % % % % % % % % % % % % % %
% % % % % % % % % % % % % % % % % % % % % % % % % % % % % % % % % % % % % % %
% % % % % % % % % % % % % % % % % % % % % % % % % % % % % % % % % % % % % % %
% % % % % % % % % % % % % % % % % % % % % % % % % % % % % % % % % % % % % % %
% % % % % % % % % % % % % % % % % % % % % % % % % % % % % % % % % % % % % % %
% % % % % % % % % % % % % % % % % % % % % % % % % % % % % % % % % % % % % % %
% % % % % % % % % % % % % % % % % % % % % % % % % % % % % % % % % % % % % % %
% % % % % % % % % % % % % % % % % % % % % % % % % % % % % % % % % % % % % % %
% % % % % % % % % % % % % % % % % % % % % % % % % % % % % % % % % % % % % % %
% % % % % % % % % % % % % % % % % % % % % % % % % % % % % % % % % % % % % % %
% % % % % % % % % % % % % % % % % % % % % % % % % % % % % % % % % % % % % % %
% % % % % % % % % % % % % % % % % % % % % % % % % % % % % % % % % % % % % % %
% % % % % % % % % % % % % % % % % % % % % % % % % % % % % % % % % % % % % % %
% % % % % % % % % % % % % % % % % % % % % % % % % % % % % % % % % % % % % % %
% % % % % % % % % % % % % % % % % % % % % % % % % % % % % % % % % % % % % % %
% % % % % % % % % % % % % % % % % % % % % % % % % % % % % % % % % % % % % % %
% % % % % % % % % % % % % % % % % % % % % % % % % % % % % % % % % % % % % % %
% % % % % % % % % % % % % % % % % % % % % % % % % % % % % % % % % % % % % % %
% % % % % % % % % % % % % % % % % % % % % % % % % % % % % % % % % % % % % % %
% % % % % % % % % % % % % % % % % % % % % % % % % % % % % % % % % % % % % % %
% % % % % % % % % % % % % % % % % % % % % % % % % % % % % % % % % % % % % % %
% % % % % % % % % % % % % % % % % % % % % % % % % % % % % % % % % % % % % % %
% % % % % % % % % % % % % % % % % % % % % % % % % % % % % % % % % % % % % % %
% % % % % % % % % % % % % % % % % % % % % % % % % % % % % % % % % % % % % % %
% % % % % % % % % % % % % % % % % % % % % % % % % % % % % % % % % % % % % % %
% % % % % % % % % % % % % % % % % % % % % % % % % % % % % % % % % % % % % % %
% % % % % % % % % % % % % % % % % % % % % % % % % % % % % % % % % % % % % % %
% % % % % % % % % % % % % % % % % % % % % % % % % % % % % % % % % % % % % % %
% % % % % % % % % % % % % % % % % % % % % % % % % % % % % % % % % % % % % % %
% % % % % % % % % % % % % % % % % % % % % % % % % % % % % % % % % % % % % % %
% % % % % % % % % % % % % % % % % % % % % % % % % % % % % % % % % % % % % % %
% % % % % % % % % % % % % % % % % % % % % % % % % % % % % % % % % % % % % % %
% % % % % % % % % % % % % % % % % % % % % % % % % % % % % % % % % % % % % % %
% % % % % % % % % % % % % % % % % % % % % % % % % % % % % % % % % % % % % % %
% % % % % % % % % % % % % % % % % % % % % % % % % % % % % % % % % % % % % % %
% % % % % % % % % % % % % % % % % % % % % % % % % % % % % % % % % % % % % % %
% % % % % % % % % % % % % % % % % % % % % % % % % % % % % % % % % % % % % % %
% % % % % % % % % % % % % % % % % % % % % % % % % % % % % % % % % % % % % % %
% % % % % % % % % % % % % % % % % % % % % % % % % % % % % % % % % % % % % % %
% % % % % % % % % % % % % % % % % % % % % % % % % % % % % % % % % % % % % % %
% % % % % % % % % % % % % % % % % % % % % % % % % % % % % % % % % % % % % % %
% % % % % % % % % % % % % % % % % % % % % % % % % % % % % % % % % % % % % % %
% % % % % % % % % % % % % % % % % % % % % % % % % % % % % % % % % % % % % % %
% % % % % % % % % % <class . > <*gobble . > <class . > . % % % % % % % % % % %
% % % % % % % % % % % % % % % % % % % % % % % % % % % % % % % % % % % % % % %
% % % % % % % % % % % % % % % % % % % % % % % % % % % % % % % % % % % % % % %
% % % % % % % % % % % % % % % % % % % % % <*gobble . . . . . . . . . . . . . .
> <*class . % % % % % % % % % . . . . % % % % % % % . % % % % . % % % % . % %
% % % % % . . . . . . . . . . . . . . . . . % % % % % % % . . . . . . . . % %
% % % % % . . . . . . . . % % % % % % % % . . . . . . . . % % % % % % % % % .
. . . . . . . . % % % % % % % % . . . . . . . . % % % % % % % % % . . . . . .
. . . . . . % % % % % % % % . . . . % % % % % % % % % . . . . % % % % % % % %
% % % % % % . . . . . . . . % % % % % % % % . . . . . . . . % % % % % % % % %
. . . . . . . . % % % % % % % % % % . . . . . . . . . . % % % % % % % % . . .
. . % % % % % % % % % . . . . % % % % % % % % % % . % % % % % % % . % % % % %
% % % % % % . % % % % % % % % . % % % % % % % . . . . . . . . . . . . . . . .
. . . . . . . . . . . . . . . . . . . . . . . . . . . . . . . . . . . . . . .
. . % % % % % % % % % % % % % . . . . . . . . . . . . . . . . . . . . . . . .
. % % % % % . % % % % . % % % % % % . . % % % % % . % % % % . . . . % % % % %
. % % % % % % % % % % % % . . . . . . . . . . . . . . . . . . . . . . . . . .
. . . . . . . . . . . . . . . . . . . . . . . . . . . . . . . . . . . . . . .
. . . . . . . . . . . . . . . % % % % % % % % % . . . . . . % % % % % % % % %
% . . . . . % % % % % % % . . . % % % % % % % % % . . . . . . . . . . . . . .
. . . . . . . . . . . . . . . . . . . . . . . . . . . . . . . . . . . . . . .
. . . . . . . . . . . . . . . . . . . . . . . . . . . . . . . . . . . . . . .
% % % % % % % % % % . . . . . . . . . . . . . % % % % % % % % . % % % % % % %
. % % % % % % % % . % % % % % % % % % . % % % % % % % . . . . . . . . . . . .
% % % % % % % % . . . . . . . . . . . . % % % % % % % % % . % % % % % % % % %
. % % % % % % % % % % % . . . . . . . . . . . . . . . . . . . . . . . . . . .
. . . . . . . . . . . . % % % % % % % % % . . . . . . . . . . . . . . . . . .
% % % % % % % % % . . . . . . . % % % % % % % % . . % % % % . . . . . . . . %
% % % % . . . . . . . . . . . . . . . . . . . % % % % % % % % % % % % % % . .
. . . . . . . . . . . . . . . . . . . . . . . . . . . . . . . . . . . . . . .
. . . . . . . . . . . . . . . . . . . . . . . % % % % % % % . . . . . . . . .
. . . . . % % % % % % % % % % % % % % . % % % % % % % % % % % % % % % % % . .
% % % % . . . . . % % % % % % % . . % % % % % % % . . . . . . . . . . . . % %
% % % % % % % % . . % % % % % % % . . . . . . . . . . . . . . . . % % % % % %
% % % % % % % % % . . . . . . . . . . . . % % % % % % % . . . . . . . . . . .
% % % % % % % % % % % % % % % % . . . . . . . . . . . . . . . . . . . . . . %
% % % % % % . . . % % % % % % % . . . % % % % % % % % % % % . . % % % % % % %
. . % % % % % % % . % % % % % . . % % % % % % % % % % % . . . . . . . . . . .
. . . . . . . . . . . . . . . . . . . . . . % % % % % % % % % % . . . . . . .
. . . . . . . . . . . . . . . . . . . . . . . . . % % % % % . . . % % % % % %
% % . . . % % % % % % % . % % % % % % % % % % . . . . . . . . . . % % % % % %
% . % % % % % % % % % . . . % % % % % % % % % % . . % % % % % % % % % % . . .
. . . . % % % % % % % . . . . % % % % % % % % . . . . . . . . . . % % % % % %
% % % . . . . . . . . . . . . . . . % % % % % % % % % % % % . . . . . . . . .
. . . . . . . . . . . . . . . . . . . . . . . . . . . . . . . % % % % % % % %
. % % % % % % % % % % % . . . . . . . % % % % % % % % % % % % % . . % % % % %
% % % % % % % % % % % % % . . . . . . . . . . . . . . . . . . . . . . . . . .
. . . . . . . . . . . . . . . . . . . . . . . . . . . . . . . . . . . . . . .
. . . . . . . . . . . . . . . . . . . . . . . . . . . . . . . . . . . . . . .
. . . . . . . . . . . . . . . . . . . . . . . . . . . . . . . . . . . . . . .
. . . . . . . . . . . . . . . . . . . . . . . . . . . . . . . . . . . . . . .
. . . . . . . . . . . . . . . . . . . . . . . . . . . . . . . . . . . . . . .
. . . . . . . . . . . . . . . . . . . . . . . . . . . . . . . . . . . . . . .
. . . . . . . . . . . . . . . . . . . . . . . . . . . . . . . . . . . . . . .
. . . . . . . . . . . . . . . . . . . . . . . . . . . . . . . . % % % % % . .
% % % % % % . . . . . % % % % % % % . . . . . . . . . . . . . . % % % % % % %
% % % . . . . . . . % % % % % % % % % . % % % % % % % % . % % % % % % % % . .
. . . . % % % % % % % . . % % % % % % % % % % . . % % % % % % % % . . % % % %
% % % % % % % . . % % % % % % % % % % % % % % % % % % % % . . . . . . . . . .
. . . . . . . . . . . . . . . . . . . . . . . . . . . . . . . . . . . . . . .
. % % % % % % % % % % % . . . . . % % % % % % % % % . . % % % % % % % % % % .
% % % % % % % % . . . . . . . . . . . % % % % % % % % % . . . . . . % % % % %
% % % % . . . . . . . . % % % % % % % % . . % % % % % % % % . % % % % % % % .
. . . . . . . % % % % % % % . % % % % % % % . . . . . . . . . % % % % % % % .
% % % % % % % % . . . . . . % % % % % % % % . . . . . . % % % % % % % % . . %
% % % % % % % . . % % % % % % % % % . . % % % % % % % % % . . % % % % % % % %
% % . . % % % % % % % % % % . . % % % % % % % % . . . . % % % % % % % . . % %
% % % % % % % . . % % % % % % % % % . . % % % % % % % % . . % % % % % % % % %
. . % % % % % % % % . . % % % % % % % % % . % % % % % % % % % . . % % % % % %
% % . . . . . % % % % % % % % . . . . . % % % % % % % % . . % % % % % % % % %
. . % % % % % % % % . . % % % % . . . . . % % % % % % % % % . % % % % % % % .
. . . . % % % % % % % . % % % % % % % % . . . . . . % % % % % % % . . . . . .
% % % % . . . . . . . . % % % % % % % % . . . . . . % % % % % % % . . . . % %
% % % % % . % % % % % % % % % . . . . . . . . . . . % % % % % . % % % % % % %
. . . . . . . . . . . . . . . . . . % % % % % % % % % . . % % % % % . . % % %
% % % % % % . . % % % % % % % % % % % % % % % % . . . . . . . . . . . . . . .
. . . . . . . % % % % . . . . . % % % % % % % . % % % % % % % % % % % % . . %
% % % % % % . . % % % % % % % . . % % % % % % % % % % % % . . . . . . . . . .
. . . . . . . . . . . . . . . . . . . . . . . . . . . . . . . . . . . . . . .
. . . . % % % % % . . % % % % % % % % % % % . . . . . . . . . . . . . . . . .
. . . . . . . . . . . . . . . . . . . . % % % % % % % % % . % % % % % % % % %
% % . . . . . . . . . . . . . . . . . . . . . . . . . . . . . . . . . . . . .
. . . . . . . . . . . . . . . . . . . . . . . . . . . . . . . . . . . . . . .
. . . . . . . . . . . . . . . . . . . . . . . . . . . . . . . . . . . . . . .
. . . . . . . . % % % % % % % % % % % . . % % % % % % % . % % % % % % % . % %
% % % % % . % % % % % % % . . . . . . . % % % % % % % % % % % % % % % % . . .
% % % % % % % . % % % % % % % % % % % % . % % % % % % % % % % % % % % % % % %
% % % % % % % % % % % % % % % % % % % % % % % % % % % % % % . . . . . . . . .
. . . . . . . . . . . . . . . . . . . . . . . . . . . . . . . . . . . . . . .
. . . . . . . . . . . . . . . . . . . . . . . . . . . . . . . . . . . . . . .
. . . . . . . . . . . . . . . . . . . . . . . . . . . . . . . . . . . . . . .
. . . . . . % % % % % % % % % % % % % . . . . . . . . . . . . . . . . . . . .
. . . . . . % % % % % % % % % % % % % % % % % . . . . . . . . . . . . . . . .
. . . . . . . . . . . . . . . . . . . . . . . . . . . . . . . . . . . . . % %
% % % % % . . . . . . . . . . . . . . . . . . . . . . % % % % % % % % % % . .
. . . . . . . . . . . . . . . . . . . % % % % % % % % % . . . . . . . . . . .
. . . . . . . . . . % % % % % % % % % . . . . . . . . . . . . . . . . . . . .
. . . . . . . . % % % % % % % % % % % % % % % % % % . . . . . . . . . . . . .
. . . . . . . . . . . . . . . % % % % % % % % % . . . . . . . . % % % % % % %
% % % % % % % % . . . . . . . . % % % % % % % % % % % % % % % % % % % % % % %
% % % % % % % % % % % % % % % % % % % % . . . . . . . . . . . . . . . . . % .
. % . . % % % % % % % % % % % % % % % % . . . . . . . . . . . . . . . . . . .
. . . . . % % % % % % % % . % % % % % % % . % % % % % % . . . . . . . . . . .
. . . . . . . . . . . . . . % % % % % % % . . . . . . . . % % % % % % % % . .
% % % % % % % % % . . % % % % % % % . . % % % % % % % % % . . . . . % % % % %
% % % % . . . . . . . . . . . . % % % % % % % % % % % % % % % % % . . . . . .
. . . . . . . . . . . . . . . . . . . . . . . . . . % % % % % % % % % % % % %
% . % % % % % % % . % % % % % % % . . % % % % % % % % % % . . . . . . . . % %
% % % % % % % % % % % % % . % % % % % % % . . . . . . . . . . . . . . . . . .
. % % % . . . . . . . . . . . . . . . . . . . . . . . . . . . . % % % . . . .
. % % % % % % % % % % % % % . % % % % % % % . . . . . . . . . . . . . % % % .
. . . . . . . . . . . . . . . . . . . . . . . . % % % % . . . . % % % % % % %
% % % . . . . . . . . . . . . . . . . . . . . % % % % . . . . . % % % % % % .
% % % % % % % % % . % % % % % % % % . % % % % % % % % % . . . . . . . . . . .
. % % % % % % % % % % % % % % . . . . . . . . . . % % % % % % % % % % % % % %
% % % . . . . . . . . . . . . . . . . . . . . . . . . . . . . . . . . . . . %
% % % % % % % % % . . . . . . . % % % % % % % . % % % % % % % . % % % % % % %
% % % % . % % % % % % % . . . . . . . . % % % % % % % % % % % % % % % % % . .
. . . . . . . . . . . . . . % % % % % % % % % . . . . . . . % % % % % % % % %
% % . . . . . . . . . . . . . . . . . . . . . . . . . . % % % % % % % % % % %
. . . . . . . . . . . . . . . . . % % % % % % % % % . . . . . % % % % % % % %
% % . % % % % % % % % % % % % % % % % % % % % % % % % . . . . . . . . . . . .
. . . . . . . . . . . . . . . . . . . . . . . . . . . . . . . . . . . . . . .
. . . . . . . . . . . . . . . . . . . . . . . . . . . . . . . . . . . . . . .
. . . % % % % % % % % % % . . . . . . . . . . . . . . . . . . . . % % % % % %
% % % % % % % . . % % % . . . . % % % . . . . . . . . . . . . . . % % % % % %
% % % % % % % % % % . . . . . . . . . . . . . . . . . . . . . . . . . . . . .
. . . . . . . . . . . . . . . . . . . . . . . . . . . . . . . . . % % % % % %
% % % % % % % % % % % % % % % % % % % % % % % % % % % % % % % . . . . . . . .
. . . . . . . . . . % % % % % % . . . . . . . . . . . % % % % % % . % % % % %
% % % % % . . . . . . . . . . . . . . . . . . . . . . . . . % % % % % % % . .
. . % % % % % % % % % % % % % % % % . . . . . . . . . . . . . . . . . . . . .
. . . . . . . . . . . . . . % % % % % % % % % % . % % % % % % % . % % % % % %
% % % % % % % % . % % % % % % % % % % % . % % % % % % % . % % % % % % % . % %
% % % % % . % % % % % % . . . . . . . . . . . . . . . % % % % % . . . . . . .
. . . . % % % % % % % % . % % % % % % % . % % % % % % % . % % % % % % % . % %
% % % % . . . . . . . . . . . . . . . % % % % % . . . . . . . . . . . % % % %
% % . % % % % % % % % % % % % % . . . . . . . . . . . . . . . . . . . . . . .
. . . . . % % % % % % . % % % % % % % . % % % % % % . . . . . . . . . . . . .
% % % % % . . . . . . . . . % % % % % % % % % % % % % . . . . . . . . . . . .
. . . . . . . . . . . . . . . . . . . . . . . . . . . . . . . . . . . . % % %
% % % % % % . % % % % % % % % % % . . . . . . . % % % % % % % % % . % % % % %
% % % . . % % % % % % % % % . . . . . . . . . . . . . . % % % % % % % % % % %
% % . . . . . . . . . . . . . . % % % % % % % % % % % % % . . . . . . . . % %
% % % % % % % % % % % % . . . . . . . . . . % % % % % % % % % % . . . . . % %
% % % % . > % % % % % % % % %
File acmart.dtx ended by \endinput.
Lines  processed: 7578
Comments removed: 4476
Comments  passed: 15
Codelines passed: 3079

*****************************************************
* Congratulations!  You successfully  generated the *
* acmart package.                                   *
*                                                   *
* Please move the file acmart.cls to where LaTeX    *
* files are stored in  your system.  The manual is  *
* acmart.pdf.                                       *
*                                                   *
* The package is released under LPPL                *
*                                                   *
* Happy TeXing!                                     *
*****************************************************
) ) ) 
Here is how much of TeX's memory you used:
 322 strings out of 482854
 3400 string characters out of 5956881
 237480 words of memory out of 5000000
 15760 multiletter control sequences out of 15000+600000
 535088 words of font info for 29 fonts, out of 8000000 for 9000
 14 hyphenation exceptions out of 8191
 15i,0n,15p,157b,120s stack positions out of 5000i,500n,10000p,200000b,80000s

No pages of output.
PDF statistics:
 0 PDF objects out of 1000 (max. 8388607)
 0 named destinations out of 1000 (max. 500000)
 1 words of extra memory for PDF output out of 10000 (max. 10000000)

