This is pdfTeX, Version 3.14159265-2.6-1.40.21 (TeX Live 2020/Debian) (preloaded format=pdflatex 2021.2.25)  9 JUN 2021 00:44
entering extended mode
 restricted \write18 enabled.
 %&-line parsing enabled.
**uc3m
(./uc3m.tex
LaTeX2e <2020-02-02> patch level 5
L3 programming layer <2020-07-17>
(/usr/share/texlive/texmf-dist/tex/latex/base/article.cls
Document Class: article 2019/12/20 v1.4l Standard LaTeX document class
(/usr/share/texlive/texmf-dist/tex/latex/base/size10.clo
File: size10.clo 2019/12/20 v1.4l Standard LaTeX file (size option)
)
\c@part=\count168
\c@section=\count169
\c@subsection=\count170
\c@subsubsection=\count171
\c@paragraph=\count172
\c@subparagraph=\count173
\c@figure=\count174
\c@table=\count175
\abovecaptionskip=\skip47
\belowcaptionskip=\skip48
\bibindent=\dimen134
)
(/usr/share/texlive/texmf-dist/tex/latex/base/inputenc.sty
Package: inputenc 2018/08/11 v1.3c Input encoding file
\inpenc@prehook=\toks15
\inpenc@posthook=\toks16
)
(/usr/share/texlive/texmf-dist/tex/latex/graphics/graphicx.sty
Package: graphicx 2019/11/30 v1.2a Enhanced LaTeX Graphics (DPC,SPQR)

(/usr/share/texlive/texmf-dist/tex/latex/graphics/keyval.sty
Package: keyval 2014/10/28 v1.15 key=value parser (DPC)
\KV@toks@=\toks17
)
(/usr/share/texlive/texmf-dist/tex/latex/graphics/graphics.sty
Package: graphics 2019/11/30 v1.4a Standard LaTeX Graphics (DPC,SPQR)

(/usr/share/texlive/texmf-dist/tex/latex/graphics/trig.sty
Package: trig 2016/01/03 v1.10 sin cos tan (DPC)
)
(/usr/share/texlive/texmf-dist/tex/latex/graphics-cfg/graphics.cfg
File: graphics.cfg 2016/06/04 v1.11 sample graphics configuration
)
Package graphics Info: Driver file: pdftex.def on input line 105.

(/usr/share/texlive/texmf-dist/tex/latex/graphics-def/pdftex.def
File: pdftex.def 2018/01/08 v1.0l Graphics/color driver for pdftex
))
\Gin@req@height=\dimen135
\Gin@req@width=\dimen136
)
(./twocolpceurws.sty
Document Style Option 'twocolpceurws'.
\@maxsep=\dimen137
\@dblmaxsep=\dimen138
) (/usr/share/texlive/texmf-dist/tex/latex/xcolor/xcolor.sty
Package: xcolor 2016/05/11 v2.12 LaTeX color extensions (UK)

(/usr/share/texlive/texmf-dist/tex/latex/graphics-cfg/color.cfg
File: color.cfg 2016/01/02 v1.6 sample color configuration
)
Package xcolor Info: Driver file: pdftex.def on input line 225.
Package xcolor Info: Model `cmy' substituted by `cmy0' on input line 1348.
Package xcolor Info: Model `hsb' substituted by `rgb' on input line 1352.
Package xcolor Info: Model `RGB' extended on input line 1364.
Package xcolor Info: Model `HTML' substituted by `rgb' on input line 1366.
Package xcolor Info: Model `Hsb' substituted by `hsb' on input line 1367.
Package xcolor Info: Model `tHsb' substituted by `hsb' on input line 1368.
Package xcolor Info: Model `HSB' substituted by `hsb' on input line 1369.
Package xcolor Info: Model `Gray' substituted by `gray' on input line 1370.
Package xcolor Info: Model `wave' substituted by `hsb' on input line 1371.
)
(/usr/share/texlive/texmf-dist/tex/latex/url/url.sty
\Urlmuskip=\muskip16
Package: url 2013/09/16  ver 3.4  Verb mode for urls, etc.
) (./macros.tex
(/usr/share/texlive/texmf-dist/tex/latex/enumitem/enumitem.sty
Package: enumitem 2019/06/20 v3.9 Customized lists
\labelindent=\skip49
\enit@outerparindent=\dimen139
\enit@toks=\toks18
\enit@inbox=\box45
\enit@count@id=\count176
\enitdp@description=\count177
))
(/usr/share/texlive/texmf-dist/tex/latex/l3backend/l3backend-pdfmode.def
File: l3backend-pdfmode.def 2020-06-29 L3 backend support: PDF mode
\l__kernel_color_stack_int=\count178
\l__pdf_internal_box=\box46
)
(./uc3m.aux)
\openout1 = `uc3m.aux'.

LaTeX Font Info:    Checking defaults for OML/cmm/m/it on input line 27.
LaTeX Font Info:    ... okay on input line 27.
LaTeX Font Info:    Checking defaults for OMS/cmsy/m/n on input line 27.
LaTeX Font Info:    ... okay on input line 27.
LaTeX Font Info:    Checking defaults for OT1/cmr/m/n on input line 27.
LaTeX Font Info:    ... okay on input line 27.
LaTeX Font Info:    Checking defaults for T1/cmr/m/n on input line 27.
LaTeX Font Info:    ... okay on input line 27.
LaTeX Font Info:    Checking defaults for TS1/cmr/m/n on input line 27.
LaTeX Font Info:    ... okay on input line 27.
LaTeX Font Info:    Checking defaults for OMX/cmex/m/n on input line 27.
LaTeX Font Info:    ... okay on input line 27.
LaTeX Font Info:    Checking defaults for U/cmr/m/n on input line 27.
LaTeX Font Info:    ... okay on input line 27.
 (/usr/share/texlive/texmf-dist/tex/context/base/mkii/supp-pdf.mkii
[Loading MPS to PDF converter (version 2006.09.02).]
\scratchcounter=\count179
\scratchdimen=\dimen140
\scratchbox=\box47
\nofMPsegments=\count180
\nofMParguments=\count181
\everyMPshowfont=\toks19
\MPscratchCnt=\count182
\MPscratchDim=\dimen141
\MPnumerator=\count183
\makeMPintoPDFobject=\count184
\everyMPtoPDFconversion=\toks20
) (/usr/share/texlive/texmf-dist/tex/latex/epstopdf-pkg/epstopdf-base.sty
Package: epstopdf-base 2020-01-24 v2.11 Base part for package epstopdf

(/usr/share/texlive/texmf-dist/tex/generic/infwarerr/infwarerr.sty
Package: infwarerr 2019/12/03 v1.5 Providing info/warning/error messages (HO)
)
(/usr/share/texlive/texmf-dist/tex/latex/grfext/grfext.sty
Package: grfext 2019/12/03 v1.3 Manage graphics extensions (HO)

(/usr/share/texlive/texmf-dist/tex/generic/kvdefinekeys/kvdefinekeys.sty
Package: kvdefinekeys 2019-12-19 v1.6 Define keys (HO)
))
(/usr/share/texlive/texmf-dist/tex/latex/kvoptions/kvoptions.sty
Package: kvoptions 2019/11/29 v3.13 Key value format for package options (HO)

(/usr/share/texlive/texmf-dist/tex/generic/ltxcmds/ltxcmds.sty
Package: ltxcmds 2019/12/15 v1.24 LaTeX kernel commands for general use (HO)
)
(/usr/share/texlive/texmf-dist/tex/generic/kvsetkeys/kvsetkeys.sty
Package: kvsetkeys 2019/12/15 v1.18 Key value parser (HO)
))
(/usr/share/texlive/texmf-dist/tex/generic/pdftexcmds/pdftexcmds.sty
Package: pdftexcmds 2020-06-27 v0.33 Utility functions of pdfTeX for LuaTeX (HO
)

(/usr/share/texlive/texmf-dist/tex/generic/iftex/iftex.sty
Package: iftex 2020/03/06 v1.0d TeX engine tests
)
Package pdftexcmds Info: \pdf@primitive is available.
Package pdftexcmds Info: \pdf@ifprimitive is available.
Package pdftexcmds Info: \pdfdraftmode found.
)
Package epstopdf-base Info: Redefining graphics rule for `.eps' on input line 4
85.
Package grfext Info: Graphics extension search list:
(grfext)             [.pdf,.png,.jpg,.mps,.jpeg,.jbig2,.jb2,.PDF,.PNG,.JPG,.JPE
G,.JBIG2,.JB2,.eps]
(grfext)             \AppendGraphicsExtensions on input line 504.

(/usr/share/texlive/texmf-dist/tex/latex/latexconfig/epstopdf-sys.cfg
File: epstopdf-sys.cfg 2010/07/13 v1.3 Configuration of (r)epstopdf for TeX Liv
e
))
LaTeX Font Info:    External font `cmex10' loaded for size
(Font)              <12> on input line 29.
LaTeX Font Info:    External font `cmex10' loaded for size
(Font)              <8> on input line 29.
LaTeX Font Info:    External font `cmex10' loaded for size
(Font)              <6> on input line 29.
LaTeX Font Info:    Trying to load font information for OMS+cmr on input line 2
9.

(/usr/share/texlive/texmf-dist/tex/latex/base/omscmr.fd
File: omscmr.fd 2019/12/16 v2.5j Standard LaTeX font definitions
)
LaTeX Font Info:    Font shape `OMS/cmr/m/n' in size <12> not available
(Font)              Font shape `OMS/cmsy/m/n' tried instead on input line 29.
LaTeX Font Info:    External font `cmex10' loaded for size
(Font)              <7> on input line 29.
LaTeX Font Info:    External font `cmex10' loaded for size
(Font)              <5> on input line 29.

Underfull \hbox (badness 10000) in paragraph at lines 36--36
[][]\OT1/cmr/m/n/8 https://www.un.org/sustainabledevelopment/gender-
 []


Underfull \hbox (badness 1881) in paragraph at lines 64--70
\OT1/cmr/m/n/10 sources pro-vided by statis-tics in-sti-tu-tions
 []

[1{/var/lib/texmf/fonts/map/pdftex/updmap/pdftex.map}



] [2]
Underfull \hbox (badness 10000) in paragraph at lines 281--281
[]\OT1/cmr/bx/n/12 Measuring Gen-der Gap.
 []


Overfull \hbox (29.07909pt too wide) in paragraph at lines 302--302
[][]\OT1/cmr/m/n/8 https://www.kernel.org/doc/html/latest/process/maintainers.h
tml| 
 []


Overfull \hbox (11.87035pt too wide) in paragraph at lines 338--338
[]\OT1/cmtt/m/n/10 python3 csv2gender.py files/gnu-maintainers.csv[] 
 []


Overfull \hbox (22.37025pt too wide) in paragraph at lines 338--338
[]\OT1/cmtt/m/n/10 python3 csv2gender.py files/linux-maintainers.csv[] 
 []


Overfull \hbox (1.37044pt too wide) in paragraph at lines 338--338
[] \OT1/cmtt/m/n/10 --title="Linux maintaners grouped by gender"[] 
 []


Overfull \hbox (6.62039pt too wide) in paragraph at lines 338--338
[] \OT1/cmtt/m/n/10 --outcsv="files/linux-maintainers.gender.csv"[] 
 []


Overfull \hbox (6.62039pt too wide) in paragraph at lines 338--338
[] \OT1/cmtt/m/n/10 --outimg="files/linux-maintainers.gender.png"[] 
 []


Overfull \hbox (27.62021pt too wide) in paragraph at lines 338--338
[]\OT1/cmtt/m/n/10 python3 csv2gender.py files/debian-maintainers.csv[] 
 []


Overfull \hbox (6.62039pt too wide) in paragraph at lines 338--338
[] \OT1/cmtt/m/n/10 --title="Debian maintaners grouped by gender"[] 
 []


Overfull \hbox (11.87035pt too wide) in paragraph at lines 338--338
[] \OT1/cmtt/m/n/10 --outcsv="files/debian-maintainers.gender.csv"[] 
 []


Overfull \hbox (11.87035pt too wide) in paragraph at lines 338--338
[] \OT1/cmtt/m/n/10 --outimg="files/debian-maintainers.gender.png"[] 
 []

[3]
<images/linux-maintainers.gender.pdf, id=22, 597.50786pt x 845.04686pt>
File: images/linux-maintainers.gender.pdf Graphic file (type pdf)
<use images/linux-maintainers.gender.pdf>
Package pdftex.def Info: images/linux-maintainers.gender.pdf  used on input lin
e 350.
(pdftex.def)             Requested size: 186.51105pt x 263.78146pt.
<images/debian-maintainers.gender.pdf, id=23, 597.50786pt x 845.04686pt>
File: images/debian-maintainers.gender.pdf Graphic file (type pdf)
<use images/debian-maintainers.gender.pdf>
Package pdftex.def Info: images/debian-maintainers.gender.pdf  used on input li
ne 357.
(pdftex.def)             Requested size: 292.69647pt x 413.96054pt.

Overfull \hbox (69.81897pt too wide) in paragraph at lines 357--358
[][] 
 []


Underfull \vbox (badness 10000) has occurred while \output is active []

<images/gnu-maintainers.gender.pdf, id=24, 597.50786pt x 845.04686pt>
File: images/gnu-maintainers.gender.pdf Graphic file (type pdf)
<use images/gnu-maintainers.gender.pdf>
Package pdftex.def Info: images/gnu-maintainers.gender.pdf  used on input line 
362.
(pdftex.def)             Requested size: 292.69647pt x 413.96054pt.

Overfull \hbox (69.81897pt too wide) in paragraph at lines 362--363
[][] 
 []


Underfull \vbox (badness 10000) has occurred while \output is active []

 [4 <./images/linux-maintainers.gender.pdf> <./images/debian-maintainers.gender
.pdf

pdfTeX warning: pdflatex (file ./images/debian-maintainers.gender.pdf): PDF inc
lusion: multiple pdfs with page group included in a single page
>]
Underfull \hbox (badness 10000) in paragraph at lines 373--373
[][]\OT1/cmr/m/n/8 https://www.fsf.org/news/rms-addresses-the-free-software-
 []

LaTeX Font Info:    Font shape `OMS/cmr/m/n' in size <10> not available
(Font)              Font shape `OMS/cmsy/m/n' tried instead on input line 416.
[5 <./images/gnu-maintainers.gender.pdf>]
Underfull \vbox (badness 2351) has occurred while \output is active []

 [6]
Underfull \vbox (badness 10000) has occurred while \output is active []

 [7]
(./uc3m.bbl
Underfull \hbox (badness 3590) in paragraph at lines 18--22
\OT1/cmr/m/n/10 Damian A Tam-burri, Alexan-der
 []


Underfull \hbox (badness 2334) in paragraph at lines 18--22
\OT1/cmr/m/n/10 Gen-der di-ver-sity and com-mu-nity
 []


Underfull \hbox (badness 6141) in paragraph at lines 24--28
\OT1/cmr/m/it/10 Gen-der in-equal-ity, in-come, and
 []


Underfull \hbox (badness 1142) in paragraph at lines 24--28
\OT1/cmr/m/it/10 growth: are good times good for
 []

[8]
Underfull \hbox (badness 2644) in paragraph at lines 30--34
[]\OT1/cmr/m/n/10 Benjamin Mako Hill and Aaron
 []


Underfull \hbox (badness 10000) in paragraph at lines 57--62
\OT1/cmr/m/n/10 Floss par-tic-i-pants' per-cep-tions
 []


Underfull \hbox (badness 6252) in paragraph at lines 57--62
\OT1/cmr/m/n/10 about gen-der and in-clu-sive-ness:
 []


Underfull \hbox (badness 1867) in paragraph at lines 57--62
\OT1/cmr/m/n/10 a sur-vey.  In \OT1/cmr/m/it/10 2019 IEEE/ACM
 []


Underfull \hbox (badness 2626) in paragraph at lines 57--62
\OT1/cmr/m/it/10 41st In-ter-na-tional Con-fer-ence on
 []


Underfull \hbox (badness 1789) in paragraph at lines 69--72
[]\OT1/cmr/m/n/10 Marcus Li-wicki, An-dreas Schlap-
 []


Underfull \hbox (badness 10000) in paragraph at lines 81--87
[]\OT1/cmr/m/n/10 Gregorio Rob-les, Laura Ar-
 []


Underfull \hbox (badness 2573) in paragraph at lines 81--87
\OT1/cmr/m/n/10 Bog-dan Vasilescu, and Jes^^Sus M
 []


Underfull \hbox (badness 1874) in paragraph at lines 81--87
\OT1/cmr/m/n/10 Gonz^^Salez-Barahona.  Floss 2013:
 []


Underfull \hbox (badness 1158) in paragraph at lines 81--87
\OT1/cmr/m/n/10 ware con-trib-u-tors: chal-lenges for
 []


Underfull \hbox (badness 10000) in paragraph at lines 81--87
\OT1/cmr/m/it/10 Con-fer-ence on Min-ing Soft-ware
 []


Underfull \hbox (badness 10000) in paragraph at lines 96--101
[]\OT1/cmr/m/n/10 Bogdan Vasilescu, An-drea
 []


Underfull \hbox (badness 5231) in paragraph at lines 96--101
\OT1/cmr/m/n/10 Capiluppi, and Alexan-der Sere-
 []

[9]
Underfull \hbox (badness 1067) in paragraph at lines 109--114
[]\OT1/cmr/m/n/10 Bogdan Vasilescu, Daryl Pos-nett,
 []


Underfull \hbox (badness 10000) in paragraph at lines 109--114
\OT1/cmr/m/n/10 Brand, Alexan-der Sere-brenik,
 []


Underfull \hbox (badness 1168) in paragraph at lines 109--114
\OT1/cmr/m/it/10 the 33rd an-nual ACM con-fer-ence
 []


Underfull \hbox (badness 4001) in paragraph at lines 109--114
\OT1/cmr/m/it/10 on hu-man fac-tors in com-put-ing
 []


Underfull \hbox (badness 1721) in paragraph at lines 109--114
\OT1/cmr/m/it/10 sys-tems\OT1/cmr/m/n/10 , pages 3789--3798. ACM,
 []

) [10

] (./uc3m.aux)

LaTeX Warning: Label(s) may have changed. Rerun to get cross-references right.

 ) 
Here is how much of TeX's memory you used:
 2639 strings out of 482854
 39100 string characters out of 5956881
 300069 words of memory out of 5000000
 17954 multiletter control sequences out of 15000+600000
 540287 words of font info for 46 fonts, out of 8000000 for 9000
 14 hyphenation exceptions out of 8191
 40i,16n,37p,637b,311s stack positions out of 5000i,500n,10000p,200000b,80000s
 </home/davidam/.texlive2020/texmf-var/fonts/pk/ljfour/jknappen/ec/tcti0800.6
00pk></usr/share/texlive/texmf-dist/fonts/type1/public/amsfonts/cm/cmbx10.pfb><
/usr/share/texlive/texmf-dist/fonts/type1/public/amsfonts/cm/cmbx12.pfb></usr/s
hare/texlive/texmf-dist/fonts/type1/public/amsfonts/cm/cmmi8.pfb></usr/share/te
xlive/texmf-dist/fonts/type1/public/amsfonts/cm/cmr10.pfb></usr/share/texlive/t
exmf-dist/fonts/type1/public/amsfonts/cm/cmr12.pfb></usr/share/texlive/texmf-di
st/fonts/type1/public/amsfonts/cm/cmr6.pfb></usr/share/texlive/texmf-dist/fonts
/type1/public/amsfonts/cm/cmr7.pfb></usr/share/texlive/texmf-dist/fonts/type1/p
ublic/amsfonts/cm/cmr8.pfb></usr/share/texlive/texmf-dist/fonts/type1/public/am
sfonts/cm/cmsy10.pfb></usr/share/texlive/texmf-dist/fonts/type1/public/amsfonts
/cm/cmsy8.pfb></usr/share/texlive/texmf-dist/fonts/type1/public/amsfonts/cm/cmt
i10.pfb></usr/share/texlive/texmf-dist/fonts/type1/public/amsfonts/cm/cmti8.pfb
></usr/share/texlive/texmf-dist/fonts/type1/public/amsfonts/cm/cmtt10.pfb>
Output written on uc3m.pdf (10 pages, 271257 bytes).
PDF statistics:
 108 PDF objects out of 1000 (max. 8388607)
 75 compressed objects within 1 object stream
 0 named destinations out of 1000 (max. 500000)
 16 words of extra memory for PDF output out of 10000 (max. 10000000)

